Determining if the pthread_create exist failed with the following output:
Change Dir: /home/jorge/tum_simulator_ws/build/CMakeFiles/CMakeTmp

Run Build Command:/usr/bin/make "cmTryCompileExec959764269/fast"
/usr/bin/make -f CMakeFiles/cmTryCompileExec959764269.dir/build.make CMakeFiles/cmTryCompileExec959764269.dir/build
make[1]: Entering directory `/home/jorge/tum_simulator_ws/build/CMakeFiles/CMakeTmp'
/usr/bin/cmake -E cmake_progress_report /home/jorge/tum_simulator_ws/build/CMakeFiles/CMakeTmp/CMakeFiles 1
Building C object CMakeFiles/cmTryCompileExec959764269.dir/CheckSymbolExists.c.o
/usr/bin/cc    -o CMakeFiles/cmTryCompileExec959764269.dir/CheckSymbolExists.c.o   -c /home/jorge/tum_simulator_ws/build/CMakeFiles/CMakeTmp/CheckSymbolExists.c
Linking C executable cmTryCompileExec959764269
/usr/bin/cmake -E cmake_link_script CMakeFiles/cmTryCompileExec959764269.dir/link.txt --verbose=1
/usr/bin/cc       CMakeFiles/cmTryCompileExec959764269.dir/CheckSymbolExists.c.o  -o cmTryCompileExec959764269 -rdynamic 
CMakeFiles/cmTryCompileExec959764269.dir/CheckSymbolExists.c.o: In function `main':
CheckSymbolExists.c:(.text+0x16): undefined reference to `pthread_create'
collect2: error: ld returned 1 exit status
make[1]: Leaving directory `/home/jorge/tum_simulator_ws/build/CMakeFiles/CMakeTmp'
make[1]: *** [cmTryCompileExec959764269] Error 1
make: *** [cmTryCompileExec959764269/fast] Error 2

File /home/jorge/tum_simulator_ws/build/CMakeFiles/CMakeTmp/CheckSymbolExists.c:
/* */
#include <pthread.h>

int main(int argc, char** argv)
{
  (void)argv;
#ifndef pthread_create
  return ((int*)(&pthread_create))[argc];
#else
  (void)argc;
  return 0;
#endif
}

Determining if the function pthread_create exists in the pthreads failed with the following output:
Change Dir: /home/jorge/tum_simulator_ws/build/CMakeFiles/CMakeTmp

Run Build Command:/usr/bin/make "cmTryCompileExec1749354783/fast"
/usr/bin/make -f CMakeFiles/cmTryCompileExec1749354783.dir/build.make CMakeFiles/cmTryCompileExec1749354783.dir/build
make[1]: Entering directory `/home/jorge/tum_simulator_ws/build/CMakeFiles/CMakeTmp'
/usr/bin/cmake -E cmake_progress_report /home/jorge/tum_simulator_ws/build/CMakeFiles/CMakeTmp/CMakeFiles 1
Building C object CMakeFiles/cmTryCompileExec1749354783.dir/CheckFunctionExists.c.o
/usr/bin/cc   -DCHECK_FUNCTION_EXISTS=pthread_create   -o CMakeFiles/cmTryCompileExec1749354783.dir/CheckFunctionExists.c.o   -c /usr/share/cmake-2.8/Modules/CheckFunctionExists.c
Linking C executable cmTryCompileExec1749354783
/usr/bin/cmake -E cmake_link_script CMakeFiles/cmTryCompileExec1749354783.dir/link.txt --verbose=1
/usr/bin/cc   -DCHECK_FUNCTION_EXISTS=pthread_create    CMakeFiles/cmTryCompileExec1749354783.dir/CheckFunctionExists.c.o  -o cmTryCompileExec1749354783 -rdynamic -lpthreads 
/usr/bin/ld: cannot find -lpthreads
collect2: error: ld returned 1 exit status
make[1]: Leaving directory `/home/jorge/tum_simulator_ws/build/CMakeFiles/CMakeTmp'
make[1]: *** [cmTryCompileExec1749354783] Error 1
make: *** [cmTryCompileExec1749354783/fast] Error 2


